     1                                  bits 32 
     2                                  
     3                                  global start        
     4                                  
     5                                  extern exit               
     6                                  import exit msvcrt.dll    
     7                                  msvcrt.dll
     7          ******************       warning: label alone on a line without a colon might be in error [-w+orphan-labels]
     8                                  ;Dandu-se un sir de dublucuvinte, sa se obtina un alt sir de dublucuvinte in care se vor pastra ;doar dublucuvintele din primul sir care au un numar par de biti cu valoare 1.
     9                                  segment data use32 class=data
    10 00000000 B70000002B030000E3-     s dd 10110111b, 1100101011b, 11100011b
    10 00000009 000000             
    11                                  l equ ($-s)/4
    12 0000000C 00000000<rept>          d times l dd 0
    13                                  
    14                                  segment code use32 class=code
    15                                      start:
    16                                      
    17 00000000 B903000000                  mov ecx, l
    18 00000005 BE[00000000]                mov esi, s 
    19 0000000A BF[0C000000]                mov edi, d
    20                                      
    21 0000000F E32D                        jecxz end1
    22                                          parcurgere_sir_s:
    23                                          
    24 00000011 FC                                  cld            ; mergem crescator
    25 00000012 B800000000                          mov eax,0
    26 00000017 AD                                  lodsd   ; eax = s[i] esi += 4 
    27                                  
    28 00000018 BB00000000                          mov ebx,0
    29 0000001D 51                                  push ecx
    30 0000001E B920000000                          mov ecx, 32
    31                                              
    32 00000023 89C2                                mov edx,eax
    33                                              
    34 00000025 E308                                jecxz end2
    35                                                  parcurgere_cifre_lelm_sir_s:
    36                                                  
    37 00000027 F8                                          clc
    38 00000028 D1EA                                        shr edx,1 ; com vedea daca in CF avem 1 sau 0
    39                                                  
    40 0000002A 83D300                                      adc ebx,0 ; adunam in ebx toate cifrele lui eax ca sa vedem cate valori de 1 exista in fiecare numar
    41                                                  
    42 0000002D E2F8                                    loop parcurgere_cifre_lelm_sir_s
    43                                              end2:
    44                                              
    45 0000002F 59                                  pop ecx
    46 00000030 49                                  dec ecx
    47                                              
    48 00000031 F7C301000000                        test ebx, 00000001h
    49                                              
    50 00000037 74D8                                jz parcurgere_sir_s
    51                                              
    52 00000039 FC                                  cld
    53 0000003A AB                                  stosd 
    54 0000003B 41                                  inc ecx
    55                                              
    56 0000003C E2D3                            loop parcurgere_sir_s
    57                                      end1:
    58                                      
    59                                          
    60 0000003E 6A00                            push    dword 0      
    61 00000040 FF15[00000000]                  call    [exit]       
    62                                          
    63                                  
    64                                  
