     1                                  bits 32 ; assembling for the 32 bits architecture
     2                                  
     3                                  ; declare the EntryPoint (a label defining the very first instruction of the program)
     4                                  global start        
     5                                  
     6                                  ; declare external functions needed by our program
     7                                  extern exit               ; tell nasm that exit exists even if we won't be defining it
     8                                  import exit msvcrt.dll    ; exit is a function that ends the calling process. It is defined in msvcrt.dll
     9                                                            ; msvcrt.dll contains exit, printf and all the other important C-runtime specific functions
    10                                  
    11                                  ; our data is declared here (the variables needed by our program)
    12                                  segment data use32 class=data
    13                                      ; ...
    14                                  
    15 00000000 0C00                        ac dw 12
    16 00000002 1100                        bd dw 17
    17                                  ; our code starts here
    18                                  segment code use32 class=code
    19                                      start:
    20                                          ; ...
    21                                      
    22 00000000 66A1[00000000]              mov ax,[ac]
    23 00000006 660305[02000000]            add ax,[bd]
    24                                      
    25                                          ; exit(0)
    26 0000000D 6A00                            push    dword 0      ; push the parameter for exit onto the stack
    27 0000000F FF15[00000000]                  call    [exit]       ; call exit to terminate the program
